<?xml version="1.0" encoding="UTF-8"?>
<!-- Generated by org.testng.reporters.JUnitXMLReporter -->
<testsuite ignored="0" hostname="DESKTOP-MUG13MS" failures="3" tests="9" name="Test" time="232.644" errors="0" timestamp="12 Dec 2019 12:37:36 GMT">
  <testcase classname="com.rabit.qa.tests.LoginPageTest" name="loginPageTitleTest" time="0.024"/>
  <testcase classname="com.rabit.qa.tests.Admin_MyAccount_001_AddMailExtentionsTest" name="verifyMyAccountDetailsTest" time="2.244"/>
  <testcase classname="com.rabit.qa.tests.HomePageTest" name="verifyHomePageTitleTest" time="0.026"/>
  <testcase classname="com.rabit.qa.tests.LoginPageTest" name="loginTest" time="10.629"/>
  <testcase classname="com.rabit.qa.tests.Admin_MyAccount_001_AddMailExtentionsTest" name="AddMailExtentionsTest" time="13.452">
    <failure type="java.lang.AssertionError" message="expected [true] but found [false]">
      <![CDATA[java.lang.AssertionError: expected [true] but found [false]
at com.rabit.qa.tests.Admin_MyAccount_001_AddMailExtentionsTest.AddMailExtentionsTest(Admin_MyAccount_001_AddMailExtentionsTest.java:61)
... Removed 38 stack frames]]>
    </failure>
  </testcase> <!-- AddMailExtentionsTest -->
  <testcase classname="com.rabit.qa.tests.Admin_MyAccount_001_AddMailExtentionsTest" name="AddMailExtentionsTest" time="13.463">
    <failure type="java.lang.AssertionError" message="expected [true] but found [false]">
      <![CDATA[java.lang.AssertionError: expected [true] but found [false]
at com.rabit.qa.tests.Admin_MyAccount_001_AddMailExtentionsTest.AddMailExtentionsTest(Admin_MyAccount_001_AddMailExtentionsTest.java:61)
... Removed 38 stack frames]]>
    </failure>
  </testcase> <!-- AddMailExtentionsTest -->
  <testcase classname="com.rabit.qa.tests.Admin_MyAccount_001_AddMailExtentionsTest" name="AddMailExtentionsTest" time="13.469">
    <failure type="java.lang.AssertionError" message="expected [true] but found [false]">
      <![CDATA[java.lang.AssertionError: expected [true] but found [false]
at com.rabit.qa.tests.Admin_MyAccount_001_AddMailExtentionsTest.AddMailExtentionsTest(Admin_MyAccount_001_AddMailExtentionsTest.java:61)
... Removed 38 stack frames]]>
    </failure>
  </testcase> <!-- AddMailExtentionsTest -->
  <testcase classname="com.rabit.qa.tests.HomePageTest" name="verifyCorrectUserName" time="0.106"/>
  <testcase classname="com.rabit.qa.tests.HomePageTest" name="verifyAdminMenuClickTest" time="5.461"/>
</testsuite> <!-- Test -->
