<!DOCTYPE html PUBLIC "-//W3C//DTD XHTML 1.1//EN" "http://www.w3.org/TR/xhtml11/DTD/xhtml11.dtd">
<html xmlns="http://www.w3.org/1999/xhtml">
<head>
<meta http-equiv="content-type" content="text/html; charset=UTF-8"/>
<title>TestNG Report</title>
<style type="text/css">table {margin-bottom:10px;border-collapse:collapse;empty-cells:show}th,td {border:1px solid #009;padding:.25em .5em}th {vertical-align:bottom}td {vertical-align:top}table a {font-weight:bold}.stripe td {background-color: #E6EBF9}.num {text-align:right}.passedodd td {background-color: #3F3}.passedeven td {background-color: #0A0}.skippedodd td {background-color: #DDD}.skippedeven td {background-color: #CCC}.failedodd td,.attn {background-color: #F33}.failedeven td,.stripe .attn {background-color: #D00}.stacktrace {white-space:pre;font-family:monospace}.totop {font-size:85%;text-align:center;border-bottom:2px solid #000}.invisible {display:none}</style>
</head>
<body>
<table>
<tr><th>Test</th><th># Passed</th><th># Skipped</th><th># Failed</th><th>Time (ms)</th><th>Included Groups</th><th>Excluded Groups</th></tr>
<tr><th colspan="7">Suite</th></tr>
<tr><td><a href="#t0">Test</a></td><td class="num">6</td><td class="num">0</td><td class="num attn">3</td><td class="num">232,644</td><td></td><td></td></tr>
</table>
<table id='summary'><thead><tr><th>Class</th><th>Method</th><th>Start</th><th>Time (ms)</th></tr></thead><tbody><tr><th colspan="4">Suite</th></tr></tbody><tbody id="t0"><tr><th colspan="4">Test &#8212; failed</th></tr><tr class="failedeven"><td rowspan="3">com.rabit.qa.tests.Admin_MyAccount_001_AddMailExtentionsTest</td><td><a href="#m0">AddMailExtentionsTest</a></td><td rowspan="3">1576154159469</td><td rowspan="3">13463</td></tr><tr class="failedeven"><td><a href="#m1">AddMailExtentionsTest</a></td></tr><tr class="failedeven"><td><a href="#m2">AddMailExtentionsTest</a></td></tr><tr><th colspan="4">Test &#8212; passed</th></tr><tr class="passedeven"><td rowspan="1">com.rabit.qa.tests.Admin_MyAccount_001_AddMailExtentionsTest</td><td><a href="#m3">verifyMyAccountDetailsTest</a></td><td rowspan="1">1576154057597</td><td rowspan="1">2244</td></tr><tr class="passedodd"><td rowspan="3">com.rabit.qa.tests.HomePageTest</td><td><a href="#m4">verifyAdminMenuClickTest</a></td><td rowspan="1">1576154250604</td><td rowspan="1">5461</td></tr><tr class="passedodd"><td><a href="#m5">verifyCorrectUserName</a></td><td rowspan="1">1576154228901</td><td rowspan="1">106</td></tr><tr class="passedodd"><td><a href="#m6">verifyHomePageTitleTest</a></td><td rowspan="1">1576154078348</td><td rowspan="1">26</td></tr><tr class="passedeven"><td rowspan="2">com.rabit.qa.tests.LoginPageTest</td><td><a href="#m7">loginPageTitleTest</a></td><td rowspan="1">1576154033060</td><td rowspan="1">24</td></tr><tr class="passedeven"><td><a href="#m8">loginTest</a></td><td rowspan="1">1576154086757</td><td rowspan="1">10629</td></tr></tbody>
</table>
<h2>Test</h2><h3 id="m0">com.rabit.qa.tests.Admin_MyAccount_001_AddMailExtentionsTest#AddMailExtentionsTest</h3><table class="result"><tr class="param"><th>Parameter #1</th><th>Parameter #2</th><th>Parameter #3</th></tr><tr class="param stripe"><td>sanitymail2.com</td><td>MailinatorSampleMail2</td><td>Mail Extension changes have been saved successfully.</td></tr><tr><th colspan="3">Exception</th></tr><tr><td colspan="3"><div class="stacktrace">java.lang.AssertionError: expected [true] but found [false]
	at com.rabit.qa.tests.Admin_MyAccount_001_AddMailExtentionsTest.AddMailExtentionsTest(Admin_MyAccount_001_AddMailExtentionsTest.java:61)
... Removed 38 stack frames</div></td></tr></table><p class="totop"><a href="#summary">back to summary</a></p>
<h3 id="m1">com.rabit.qa.tests.Admin_MyAccount_001_AddMailExtentionsTest#AddMailExtentionsTest</h3><table class="result"><tr class="param"><th>Parameter #1</th><th>Parameter #2</th><th>Parameter #3</th></tr><tr class="param stripe"><td>sanitymail1.com</td><td>MailinatorSampleMail1</td><td>Mail Extension changes have been saved successfully.</td></tr><tr><th colspan="3">Exception</th></tr><tr><td colspan="3"><div class="stacktrace">java.lang.AssertionError: expected [true] but found [false]
	at com.rabit.qa.tests.Admin_MyAccount_001_AddMailExtentionsTest.AddMailExtentionsTest(Admin_MyAccount_001_AddMailExtentionsTest.java:61)
... Removed 38 stack frames</div></td></tr></table><p class="totop"><a href="#summary">back to summary</a></p>
<h3 id="m2">com.rabit.qa.tests.Admin_MyAccount_001_AddMailExtentionsTest#AddMailExtentionsTest</h3><table class="result"><tr class="param"><th>Parameter #1</th><th>Parameter #2</th><th>Parameter #3</th></tr><tr class="param stripe"><td>sanitymail3.com</td><td>MailinatorSampleMail3</td><td>Mail Extension changes have been saved successfully.</td></tr><tr><th colspan="3">Exception</th></tr><tr><td colspan="3"><div class="stacktrace">java.lang.AssertionError: expected [true] but found [false]
	at com.rabit.qa.tests.Admin_MyAccount_001_AddMailExtentionsTest.AddMailExtentionsTest(Admin_MyAccount_001_AddMailExtentionsTest.java:61)
... Removed 38 stack frames</div></td></tr></table><p class="totop"><a href="#summary">back to summary</a></p>
<h3 id="m3">com.rabit.qa.tests.Admin_MyAccount_001_AddMailExtentionsTest#verifyMyAccountDetailsTest</h3><table class="result"><tr><th class="invisible"/></tr></table><p class="totop"><a href="#summary">back to summary</a></p>
<h3 id="m4">com.rabit.qa.tests.HomePageTest#verifyAdminMenuClickTest</h3><table class="result"><tr><th class="invisible"/></tr></table><p class="totop"><a href="#summary">back to summary</a></p>
<h3 id="m5">com.rabit.qa.tests.HomePageTest#verifyCorrectUserName</h3><table class="result"><tr><th class="invisible"/></tr></table><p class="totop"><a href="#summary">back to summary</a></p>
<h3 id="m6">com.rabit.qa.tests.HomePageTest#verifyHomePageTitleTest</h3><table class="result"><tr><th class="invisible"/></tr></table><p class="totop"><a href="#summary">back to summary</a></p>
<h3 id="m7">com.rabit.qa.tests.LoginPageTest#loginPageTitleTest</h3><table class="result"><tr><th class="invisible"/></tr></table><p class="totop"><a href="#summary">back to summary</a></p>
<h3 id="m8">com.rabit.qa.tests.LoginPageTest#loginTest</h3><table class="result"><tr><th class="invisible"/></tr></table><p class="totop"><a href="#summary">back to summary</a></p>
</body>
</html>
