<?xml version="1.0" encoding="UTF-8"?>
<testng-results ignored="0" total="9" passed="6" failed="3" skipped="0">
  <reporter-output>
  </reporter-output>
  <suite started-at="2019-12-12T12:33:44Z" name="Suite" finished-at="2019-12-12T12:37:36Z" duration-ms="232644">
    <groups>
    </groups>
    <test started-at="2019-12-12T12:33:44Z" name="Test" finished-at="2019-12-12T12:37:36Z" duration-ms="232644">
      <class name="com.rabit.qa.tests.HomePageTest">
        <test-method is-config="true" signature="ReportStart()[pri:0, instance:com.rabit.qa.tests.HomePageTest@543588e6]" started-at="2019-12-12T12:34:20Z" name="ReportStart" finished-at="2019-12-12T12:34:20Z" duration-ms="2" status="PASS">
          <reporter-output>
          </reporter-output>
        </test-method> <!-- ReportStart -->
        <test-method is-config="true" signature="Setup()[pri:0, instance:com.rabit.qa.tests.HomePageTest@543588e6]" started-at="2019-12-12T12:34:20Z" name="Setup" finished-at="2019-12-12T12:34:38Z" duration-ms="17608" status="PASS">
          <reporter-output>
          </reporter-output>
        </test-method> <!-- Setup -->
        <test-method signature="verifyHomePageTitleTest()[pri:1, instance:com.rabit.qa.tests.HomePageTest@543588e6]" started-at="2019-12-12T12:34:38Z" name="verifyHomePageTitleTest" finished-at="2019-12-12T12:34:38Z" duration-ms="26" status="PASS">
          <reporter-output>
          </reporter-output>
        </test-method> <!-- verifyHomePageTitleTest -->
        <test-method is-config="true" signature="teardown()[pri:0, instance:com.rabit.qa.tests.HomePageTest@543588e6]" started-at="2019-12-12T12:34:38Z" name="teardown" finished-at="2019-12-12T12:34:39Z" duration-ms="725" status="PASS">
          <reporter-output>
          </reporter-output>
        </test-method> <!-- teardown -->
        <test-method is-config="true" signature="Setup()[pri:0, instance:com.rabit.qa.tests.HomePageTest@543588e6]" started-at="2019-12-12T12:36:50Z" name="Setup" finished-at="2019-12-12T12:37:08Z" duration-ms="18183" status="PASS">
          <reporter-output>
          </reporter-output>
        </test-method> <!-- Setup -->
        <test-method signature="verifyCorrectUserName()[pri:2, instance:com.rabit.qa.tests.HomePageTest@543588e6]" started-at="2019-12-12T12:37:08Z" name="verifyCorrectUserName" finished-at="2019-12-12T12:37:09Z" duration-ms="106" status="PASS">
          <reporter-output>
          </reporter-output>
        </test-method> <!-- verifyCorrectUserName -->
        <test-method is-config="true" signature="teardown()[pri:0, instance:com.rabit.qa.tests.HomePageTest@543588e6]" started-at="2019-12-12T12:37:09Z" name="teardown" finished-at="2019-12-12T12:37:09Z" duration-ms="662" status="PASS">
          <reporter-output>
          </reporter-output>
        </test-method> <!-- teardown -->
        <test-method is-config="true" signature="Setup()[pri:0, instance:com.rabit.qa.tests.HomePageTest@543588e6]" started-at="2019-12-12T12:37:09Z" name="Setup" finished-at="2019-12-12T12:37:30Z" duration-ms="20933" status="PASS">
          <reporter-output>
          </reporter-output>
        </test-method> <!-- Setup -->
        <test-method signature="verifyAdminMenuClickTest()[pri:3, instance:com.rabit.qa.tests.HomePageTest@543588e6]" started-at="2019-12-12T12:37:30Z" name="verifyAdminMenuClickTest" finished-at="2019-12-12T12:37:36Z" duration-ms="5461" status="PASS">
          <reporter-output>
          </reporter-output>
        </test-method> <!-- verifyAdminMenuClickTest -->
        <test-method is-config="true" signature="teardown()[pri:0, instance:com.rabit.qa.tests.HomePageTest@543588e6]" started-at="2019-12-12T12:37:36Z" name="teardown" finished-at="2019-12-12T12:37:36Z" duration-ms="704" status="PASS">
          <reporter-output>
          </reporter-output>
        </test-method> <!-- teardown -->
        <test-method is-config="true" signature="copyFile()[pri:0, instance:com.rabit.qa.tests.HomePageTest@543588e6]" started-at="2019-12-12T12:37:36Z" name="copyFile" finished-at="2019-12-12T12:37:36Z" duration-ms="65" status="PASS">
          <reporter-output>
          </reporter-output>
        </test-method> <!-- copyFile -->
      </class> <!-- com.rabit.qa.tests.HomePageTest -->
      <class name="com.rabit.qa.tests.LoginPageTest">
        <test-method is-config="true" signature="ReportStart()[pri:0, instance:com.rabit.qa.tests.LoginPageTest@618425b5]" started-at="2019-12-12T12:33:44Z" name="ReportStart" finished-at="2019-12-12T12:33:44Z" duration-ms="12" status="PASS">
          <reporter-output>
          </reporter-output>
        </test-method> <!-- ReportStart -->
        <test-method is-config="true" signature="setup()[pri:0, instance:com.rabit.qa.tests.LoginPageTest@618425b5]" started-at="2019-12-12T12:33:44Z" name="setup" finished-at="2019-12-12T12:33:53Z" duration-ms="8845" status="PASS">
          <reporter-output>
          </reporter-output>
        </test-method> <!-- setup -->
        <test-method signature="loginPageTitleTest()[pri:1, instance:com.rabit.qa.tests.LoginPageTest@618425b5]" started-at="2019-12-12T12:33:53Z" name="loginPageTitleTest" finished-at="2019-12-12T12:33:53Z" duration-ms="24" status="PASS">
          <reporter-output>
          </reporter-output>
        </test-method> <!-- loginPageTitleTest -->
        <test-method is-config="true" signature="teardown()[pri:0, instance:com.rabit.qa.tests.LoginPageTest@618425b5]" started-at="2019-12-12T12:33:53Z" name="teardown" finished-at="2019-12-12T12:33:53Z" duration-ms="852" status="PASS">
          <reporter-output>
          </reporter-output>
        </test-method> <!-- teardown -->
        <test-method is-config="true" signature="setup()[pri:0, instance:com.rabit.qa.tests.LoginPageTest@618425b5]" started-at="2019-12-12T12:34:39Z" name="setup" finished-at="2019-12-12T12:34:46Z" duration-ms="7656" status="PASS">
          <reporter-output>
          </reporter-output>
        </test-method> <!-- setup -->
        <test-method signature="loginTest()[pri:2, instance:com.rabit.qa.tests.LoginPageTest@618425b5]" started-at="2019-12-12T12:34:46Z" name="loginTest" finished-at="2019-12-12T12:34:57Z" duration-ms="10629" status="PASS">
          <reporter-output>
          </reporter-output>
        </test-method> <!-- loginTest -->
        <test-method is-config="true" signature="teardown()[pri:0, instance:com.rabit.qa.tests.LoginPageTest@618425b5]" started-at="2019-12-12T12:34:57Z" name="teardown" finished-at="2019-12-12T12:34:58Z" duration-ms="691" status="PASS">
          <reporter-output>
          </reporter-output>
        </test-method> <!-- teardown -->
        <test-method is-config="true" signature="copyFile()[pri:0, instance:com.rabit.qa.tests.LoginPageTest@618425b5]" started-at="2019-12-12T12:34:58Z" name="copyFile" finished-at="2019-12-12T12:34:58Z" duration-ms="68" status="PASS">
          <reporter-output>
          </reporter-output>
        </test-method> <!-- copyFile -->
      </class> <!-- com.rabit.qa.tests.LoginPageTest -->
      <class name="com.rabit.qa.tests.Admin_MyAccount_001_AddMailExtentionsTest">
        <test-method is-config="true" signature="ReportStart()[pri:0, instance:com.rabit.qa.tests.Admin_MyAccount_001_AddMailExtentionsTest@58695725]" started-at="2019-12-12T12:33:53Z" name="ReportStart" finished-at="2019-12-12T12:33:53Z" duration-ms="1" status="PASS">
          <reporter-output>
          </reporter-output>
        </test-method> <!-- ReportStart -->
        <test-method is-config="true" signature="Setup()[pri:0, instance:com.rabit.qa.tests.Admin_MyAccount_001_AddMailExtentionsTest@58695725]" started-at="2019-12-12T12:33:53Z" name="Setup" finished-at="2019-12-12T12:34:17Z" duration-ms="23650" status="PASS">
          <reporter-output>
          </reporter-output>
        </test-method> <!-- Setup -->
        <test-method signature="verifyMyAccountDetailsTest()[pri:1, instance:com.rabit.qa.tests.Admin_MyAccount_001_AddMailExtentionsTest@58695725]" started-at="2019-12-12T12:34:17Z" name="verifyMyAccountDetailsTest" finished-at="2019-12-12T12:34:19Z" duration-ms="2244" status="PASS">
          <reporter-output>
          </reporter-output>
        </test-method> <!-- verifyMyAccountDetailsTest -->
        <test-method is-config="true" signature="teardown()[pri:0, instance:com.rabit.qa.tests.Admin_MyAccount_001_AddMailExtentionsTest@58695725]" started-at="2019-12-12T12:34:19Z" name="teardown" finished-at="2019-12-12T12:34:20Z" duration-ms="896" status="PASS">
          <reporter-output>
          </reporter-output>
        </test-method> <!-- teardown -->
        <test-method is-config="true" signature="Setup()[pri:0, instance:com.rabit.qa.tests.Admin_MyAccount_001_AddMailExtentionsTest@58695725]" started-at="2019-12-12T12:34:58Z" name="Setup" finished-at="2019-12-12T12:35:22Z" duration-ms="23455" status="PASS">
          <reporter-output>
          </reporter-output>
        </test-method> <!-- Setup -->
        <test-method signature="AddMailExtentionsTest(java.lang.String, java.lang.String, java.lang.String)[pri:2, instance:com.rabit.qa.tests.Admin_MyAccount_001_AddMailExtentionsTest@58695725]" started-at="2019-12-12T12:35:22Z" name="AddMailExtentionsTest" data-provider="ARData" finished-at="2019-12-12T12:35:35Z" duration-ms="13452" status="FAIL">
          <params>
            <param index="0">
              <value>
                <![CDATA[sanitymail1.com]]>
              </value>
            </param>
            <param index="1">
              <value>
                <![CDATA[MailinatorSampleMail1]]>
              </value>
            </param>
            <param index="2">
              <value>
                <![CDATA[Mail Extension changes have been saved successfully.]]>
              </value>
            </param>
          </params>
          <exception class="java.lang.AssertionError">
            <message>
              <![CDATA[expected [true] but found [false]]]>
            </message>
            <full-stacktrace>
              <![CDATA[java.lang.AssertionError: expected [true] but found [false]
at org.testng.Assert.fail(Assert.java:96)
at org.testng.Assert.failNotEquals(Assert.java:776)
at org.testng.Assert.assertTrue(Assert.java:44)
at org.testng.Assert.assertTrue(Assert.java:54)
at com.rabit.qa.tests.Admin_MyAccount_001_AddMailExtentionsTest.AddMailExtentionsTest(Admin_MyAccount_001_AddMailExtentionsTest.java:61)
at java.base/jdk.internal.reflect.NativeMethodAccessorImpl.invoke0(Native Method)
at java.base/jdk.internal.reflect.NativeMethodAccessorImpl.invoke(NativeMethodAccessorImpl.java:62)
at java.base/jdk.internal.reflect.DelegatingMethodAccessorImpl.invoke(DelegatingMethodAccessorImpl.java:43)
at java.base/java.lang.reflect.Method.invoke(Method.java:566)
at org.testng.internal.MethodInvocationHelper.invokeMethod(MethodInvocationHelper.java:124)
at org.testng.internal.Invoker.invokeMethod(Invoker.java:583)
at org.testng.internal.Invoker.invokeTestMethod(Invoker.java:719)
at org.testng.internal.Invoker.invokeTestMethods(Invoker.java:989)
at org.testng.internal.TestMethodWorker.invokeTestMethods(TestMethodWorker.java:125)
at org.testng.internal.TestMethodWorker.run(TestMethodWorker.java:109)
at org.testng.TestRunner.privateRun(TestRunner.java:648)
at org.testng.TestRunner.run(TestRunner.java:505)
at org.testng.SuiteRunner.runTest(SuiteRunner.java:455)
at org.testng.SuiteRunner.runSequentially(SuiteRunner.java:450)
at org.testng.SuiteRunner.privateRun(SuiteRunner.java:415)
at org.testng.SuiteRunner.run(SuiteRunner.java:364)
at org.testng.SuiteRunnerWorker.runSuite(SuiteRunnerWorker.java:52)
at org.testng.SuiteRunnerWorker.run(SuiteRunnerWorker.java:84)
at org.testng.TestNG.runSuitesSequentially(TestNG.java:1208)
at org.testng.TestNG.runSuitesLocally(TestNG.java:1137)
at org.testng.TestNG.runSuites(TestNG.java:1049)
at org.testng.TestNG.run(TestNG.java:1017)
at org.apache.maven.surefire.testng.TestNGExecutor.run(TestNGExecutor.java:178)
at org.apache.maven.surefire.testng.TestNGXmlTestSuite.execute(TestNGXmlTestSuite.java:92)
at org.apache.maven.surefire.testng.TestNGProvider.invoke(TestNGProvider.java:96)
at java.base/jdk.internal.reflect.NativeMethodAccessorImpl.invoke0(Native Method)
at java.base/jdk.internal.reflect.NativeMethodAccessorImpl.invoke(NativeMethodAccessorImpl.java:62)
at java.base/jdk.internal.reflect.DelegatingMethodAccessorImpl.invoke(DelegatingMethodAccessorImpl.java:43)
at java.base/java.lang.reflect.Method.invoke(Method.java:566)
at org.apache.maven.surefire.util.ReflectionUtils.invokeMethodWithArray2(ReflectionUtils.java:208)
at org.apache.maven.surefire.booter.ProviderFactory$ProviderProxy.invoke(ProviderFactory.java:159)
at org.apache.maven.surefire.booter.ProviderFactory.invokeProvider(ProviderFactory.java:87)
at org.apache.maven.surefire.booter.ForkedBooter.runSuitesInProcess(ForkedBooter.java:153)
at org.apache.maven.surefire.booter.ForkedBooter.main(ForkedBooter.java:95)
]]>
            </full-stacktrace>
          </exception> <!-- java.lang.AssertionError -->
          <reporter-output>
          </reporter-output>
        </test-method> <!-- AddMailExtentionsTest -->
        <test-method is-config="true" signature="teardown()[pri:0, instance:com.rabit.qa.tests.Admin_MyAccount_001_AddMailExtentionsTest@58695725]" started-at="2019-12-12T12:35:35Z" name="teardown" finished-at="2019-12-12T12:35:36Z" duration-ms="704" status="PASS">
          <reporter-output>
          </reporter-output>
        </test-method> <!-- teardown -->
        <test-method is-config="true" signature="Setup()[pri:0, instance:com.rabit.qa.tests.Admin_MyAccount_001_AddMailExtentionsTest@58695725]" started-at="2019-12-12T12:35:36Z" name="Setup" finished-at="2019-12-12T12:35:59Z" duration-ms="23131" status="PASS">
          <reporter-output>
          </reporter-output>
        </test-method> <!-- Setup -->
        <test-method signature="AddMailExtentionsTest(java.lang.String, java.lang.String, java.lang.String)[pri:2, instance:com.rabit.qa.tests.Admin_MyAccount_001_AddMailExtentionsTest@58695725]" started-at="2019-12-12T12:35:59Z" name="AddMailExtentionsTest" data-provider="ARData" finished-at="2019-12-12T12:36:12Z" duration-ms="13463" status="FAIL">
          <params>
            <param index="0">
              <value>
                <![CDATA[sanitymail2.com]]>
              </value>
            </param>
            <param index="1">
              <value>
                <![CDATA[MailinatorSampleMail2]]>
              </value>
            </param>
            <param index="2">
              <value>
                <![CDATA[Mail Extension changes have been saved successfully.]]>
              </value>
            </param>
          </params>
          <exception class="java.lang.AssertionError">
            <message>
              <![CDATA[expected [true] but found [false]]]>
            </message>
            <full-stacktrace>
              <![CDATA[java.lang.AssertionError: expected [true] but found [false]
at org.testng.Assert.fail(Assert.java:96)
at org.testng.Assert.failNotEquals(Assert.java:776)
at org.testng.Assert.assertTrue(Assert.java:44)
at org.testng.Assert.assertTrue(Assert.java:54)
at com.rabit.qa.tests.Admin_MyAccount_001_AddMailExtentionsTest.AddMailExtentionsTest(Admin_MyAccount_001_AddMailExtentionsTest.java:61)
at java.base/jdk.internal.reflect.NativeMethodAccessorImpl.invoke0(Native Method)
at java.base/jdk.internal.reflect.NativeMethodAccessorImpl.invoke(NativeMethodAccessorImpl.java:62)
at java.base/jdk.internal.reflect.DelegatingMethodAccessorImpl.invoke(DelegatingMethodAccessorImpl.java:43)
at java.base/java.lang.reflect.Method.invoke(Method.java:566)
at org.testng.internal.MethodInvocationHelper.invokeMethod(MethodInvocationHelper.java:124)
at org.testng.internal.Invoker.invokeMethod(Invoker.java:583)
at org.testng.internal.Invoker.invokeTestMethod(Invoker.java:719)
at org.testng.internal.Invoker.invokeTestMethods(Invoker.java:989)
at org.testng.internal.TestMethodWorker.invokeTestMethods(TestMethodWorker.java:125)
at org.testng.internal.TestMethodWorker.run(TestMethodWorker.java:109)
at org.testng.TestRunner.privateRun(TestRunner.java:648)
at org.testng.TestRunner.run(TestRunner.java:505)
at org.testng.SuiteRunner.runTest(SuiteRunner.java:455)
at org.testng.SuiteRunner.runSequentially(SuiteRunner.java:450)
at org.testng.SuiteRunner.privateRun(SuiteRunner.java:415)
at org.testng.SuiteRunner.run(SuiteRunner.java:364)
at org.testng.SuiteRunnerWorker.runSuite(SuiteRunnerWorker.java:52)
at org.testng.SuiteRunnerWorker.run(SuiteRunnerWorker.java:84)
at org.testng.TestNG.runSuitesSequentially(TestNG.java:1208)
at org.testng.TestNG.runSuitesLocally(TestNG.java:1137)
at org.testng.TestNG.runSuites(TestNG.java:1049)
at org.testng.TestNG.run(TestNG.java:1017)
at org.apache.maven.surefire.testng.TestNGExecutor.run(TestNGExecutor.java:178)
at org.apache.maven.surefire.testng.TestNGXmlTestSuite.execute(TestNGXmlTestSuite.java:92)
at org.apache.maven.surefire.testng.TestNGProvider.invoke(TestNGProvider.java:96)
at java.base/jdk.internal.reflect.NativeMethodAccessorImpl.invoke0(Native Method)
at java.base/jdk.internal.reflect.NativeMethodAccessorImpl.invoke(NativeMethodAccessorImpl.java:62)
at java.base/jdk.internal.reflect.DelegatingMethodAccessorImpl.invoke(DelegatingMethodAccessorImpl.java:43)
at java.base/java.lang.reflect.Method.invoke(Method.java:566)
at org.apache.maven.surefire.util.ReflectionUtils.invokeMethodWithArray2(ReflectionUtils.java:208)
at org.apache.maven.surefire.booter.ProviderFactory$ProviderProxy.invoke(ProviderFactory.java:159)
at org.apache.maven.surefire.booter.ProviderFactory.invokeProvider(ProviderFactory.java:87)
at org.apache.maven.surefire.booter.ForkedBooter.runSuitesInProcess(ForkedBooter.java:153)
at org.apache.maven.surefire.booter.ForkedBooter.main(ForkedBooter.java:95)
]]>
            </full-stacktrace>
          </exception> <!-- java.lang.AssertionError -->
          <reporter-output>
          </reporter-output>
        </test-method> <!-- AddMailExtentionsTest -->
        <test-method is-config="true" signature="teardown()[pri:0, instance:com.rabit.qa.tests.Admin_MyAccount_001_AddMailExtentionsTest@58695725]" started-at="2019-12-12T12:36:12Z" name="teardown" finished-at="2019-12-12T12:36:13Z" duration-ms="659" status="PASS">
          <reporter-output>
          </reporter-output>
        </test-method> <!-- teardown -->
        <test-method is-config="true" signature="Setup()[pri:0, instance:com.rabit.qa.tests.Admin_MyAccount_001_AddMailExtentionsTest@58695725]" started-at="2019-12-12T12:36:13Z" name="Setup" finished-at="2019-12-12T12:36:36Z" duration-ms="22882" status="PASS">
          <reporter-output>
          </reporter-output>
        </test-method> <!-- Setup -->
        <test-method signature="AddMailExtentionsTest(java.lang.String, java.lang.String, java.lang.String)[pri:2, instance:com.rabit.qa.tests.Admin_MyAccount_001_AddMailExtentionsTest@58695725]" started-at="2019-12-12T12:36:36Z" name="AddMailExtentionsTest" data-provider="ARData" finished-at="2019-12-12T12:36:49Z" duration-ms="13469" status="FAIL">
          <params>
            <param index="0">
              <value>
                <![CDATA[sanitymail3.com]]>
              </value>
            </param>
            <param index="1">
              <value>
                <![CDATA[MailinatorSampleMail3]]>
              </value>
            </param>
            <param index="2">
              <value>
                <![CDATA[Mail Extension changes have been saved successfully.]]>
              </value>
            </param>
          </params>
          <exception class="java.lang.AssertionError">
            <message>
              <![CDATA[expected [true] but found [false]]]>
            </message>
            <full-stacktrace>
              <![CDATA[java.lang.AssertionError: expected [true] but found [false]
at org.testng.Assert.fail(Assert.java:96)
at org.testng.Assert.failNotEquals(Assert.java:776)
at org.testng.Assert.assertTrue(Assert.java:44)
at org.testng.Assert.assertTrue(Assert.java:54)
at com.rabit.qa.tests.Admin_MyAccount_001_AddMailExtentionsTest.AddMailExtentionsTest(Admin_MyAccount_001_AddMailExtentionsTest.java:61)
at java.base/jdk.internal.reflect.NativeMethodAccessorImpl.invoke0(Native Method)
at java.base/jdk.internal.reflect.NativeMethodAccessorImpl.invoke(NativeMethodAccessorImpl.java:62)
at java.base/jdk.internal.reflect.DelegatingMethodAccessorImpl.invoke(DelegatingMethodAccessorImpl.java:43)
at java.base/java.lang.reflect.Method.invoke(Method.java:566)
at org.testng.internal.MethodInvocationHelper.invokeMethod(MethodInvocationHelper.java:124)
at org.testng.internal.Invoker.invokeMethod(Invoker.java:583)
at org.testng.internal.Invoker.invokeTestMethod(Invoker.java:719)
at org.testng.internal.Invoker.invokeTestMethods(Invoker.java:989)
at org.testng.internal.TestMethodWorker.invokeTestMethods(TestMethodWorker.java:125)
at org.testng.internal.TestMethodWorker.run(TestMethodWorker.java:109)
at org.testng.TestRunner.privateRun(TestRunner.java:648)
at org.testng.TestRunner.run(TestRunner.java:505)
at org.testng.SuiteRunner.runTest(SuiteRunner.java:455)
at org.testng.SuiteRunner.runSequentially(SuiteRunner.java:450)
at org.testng.SuiteRunner.privateRun(SuiteRunner.java:415)
at org.testng.SuiteRunner.run(SuiteRunner.java:364)
at org.testng.SuiteRunnerWorker.runSuite(SuiteRunnerWorker.java:52)
at org.testng.SuiteRunnerWorker.run(SuiteRunnerWorker.java:84)
at org.testng.TestNG.runSuitesSequentially(TestNG.java:1208)
at org.testng.TestNG.runSuitesLocally(TestNG.java:1137)
at org.testng.TestNG.runSuites(TestNG.java:1049)
at org.testng.TestNG.run(TestNG.java:1017)
at org.apache.maven.surefire.testng.TestNGExecutor.run(TestNGExecutor.java:178)
at org.apache.maven.surefire.testng.TestNGXmlTestSuite.execute(TestNGXmlTestSuite.java:92)
at org.apache.maven.surefire.testng.TestNGProvider.invoke(TestNGProvider.java:96)
at java.base/jdk.internal.reflect.NativeMethodAccessorImpl.invoke0(Native Method)
at java.base/jdk.internal.reflect.NativeMethodAccessorImpl.invoke(NativeMethodAccessorImpl.java:62)
at java.base/jdk.internal.reflect.DelegatingMethodAccessorImpl.invoke(DelegatingMethodAccessorImpl.java:43)
at java.base/java.lang.reflect.Method.invoke(Method.java:566)
at org.apache.maven.surefire.util.ReflectionUtils.invokeMethodWithArray2(ReflectionUtils.java:208)
at org.apache.maven.surefire.booter.ProviderFactory$ProviderProxy.invoke(ProviderFactory.java:159)
at org.apache.maven.surefire.booter.ProviderFactory.invokeProvider(ProviderFactory.java:87)
at org.apache.maven.surefire.booter.ForkedBooter.runSuitesInProcess(ForkedBooter.java:153)
at org.apache.maven.surefire.booter.ForkedBooter.main(ForkedBooter.java:95)
]]>
            </full-stacktrace>
          </exception> <!-- java.lang.AssertionError -->
          <reporter-output>
          </reporter-output>
        </test-method> <!-- AddMailExtentionsTest -->
        <test-method is-config="true" signature="teardown()[pri:0, instance:com.rabit.qa.tests.Admin_MyAccount_001_AddMailExtentionsTest@58695725]" started-at="2019-12-12T12:36:49Z" name="teardown" finished-at="2019-12-12T12:36:50Z" duration-ms="705" status="PASS">
          <reporter-output>
          </reporter-output>
        </test-method> <!-- teardown -->
        <test-method is-config="true" signature="copyFile()[pri:0, instance:com.rabit.qa.tests.Admin_MyAccount_001_AddMailExtentionsTest@58695725]" started-at="2019-12-12T12:36:50Z" name="copyFile" finished-at="2019-12-12T12:36:50Z" duration-ms="67" status="PASS">
          <reporter-output>
          </reporter-output>
        </test-method> <!-- copyFile -->
      </class> <!-- com.rabit.qa.tests.Admin_MyAccount_001_AddMailExtentionsTest -->
    </test> <!-- Test -->
  </suite> <!-- Suite -->
</testng-results>
